Run this job and save the output to output/base2new/train_base/oxford_pets/shots_16/CoCoOp/vit_b16_c4_ep10_batch1_ctxv1/seed42
/home/jewonyeom/anaconda3/lib/python3.12/site-packages/torch/optim/lr_scheduler.py:62: UserWarning: The verbose parameter is deprecated. Please use get_last_lr() to access the learning rate.
  warnings.warn(
Setting fixed seed: 42
***************
** Arguments **
***************
backbone: 
config_file: configs/trainers/CoCoOp/vit_b16_c4_ep10_batch1_ctxv1.yaml
dataset_config_file: configs/datasets/oxford_pets.yaml
eval_only: False
head: 
load_epoch: None
model_dir: 
no_train: False
opts: ['DATASET.NUM_SHOTS', '16', 'DATASET.SUBSAMPLE_CLASSES', 'base']
output_dir: output/base2new/train_base/oxford_pets/shots_16/CoCoOp/vit_b16_c4_ep10_batch1_ctxv1/seed42
resume: 
root: /home/jewonyeom/prompt_learning/OxfordPets
seed: 42
source_domains: None
target_domains: None
trainer: CoCoOp
transforms: None
************
** Config **
************
DATALOADER:
  K_TRANSFORMS: 1
  NUM_WORKERS: 8
  RETURN_IMG0: False
  TEST:
    BATCH_SIZE: 100
    SAMPLER: SequentialSampler
  TRAIN_U:
    BATCH_SIZE: 32
    N_DOMAIN: 0
    N_INS: 16
    SAME_AS_X: True
    SAMPLER: RandomSampler
  TRAIN_X:
    BATCH_SIZE: 1
    N_DOMAIN: 0
    N_INS: 16
    SAMPLER: RandomSampler
DATASET:
  ALL_AS_UNLABELED: False
  CIFAR_C_LEVEL: 1
  CIFAR_C_TYPE: 
  NAME: OxfordPets
  NUM_LABELED: -1
  NUM_SHOTS: 16
  ROOT: /home/jewonyeom/prompt_learning/OxfordPets
  SOURCE_DOMAINS: ()
  STL10_FOLD: -1
  SUBSAMPLE_CLASSES: base
  TARGET_DOMAINS: ()
  VAL_PERCENT: 0.1
INPUT:
  COLORJITTER_B: 0.4
  COLORJITTER_C: 0.4
  COLORJITTER_H: 0.1
  COLORJITTER_S: 0.4
  CROP_PADDING: 4
  CUTOUT_LEN: 16
  CUTOUT_N: 1
  GB_K: 21
  GB_P: 0.5
  GN_MEAN: 0.0
  GN_STD: 0.15
  INTERPOLATION: bicubic
  NO_TRANSFORM: False
  PIXEL_MEAN: [0.48145466, 0.4578275, 0.40821073]
  PIXEL_STD: [0.26862954, 0.26130258, 0.27577711]
  RANDAUGMENT_M: 10
  RANDAUGMENT_N: 2
  RGS_P: 0.2
  RRCROP_SCALE: (0.08, 1.0)
  SIZE: (224, 224)
  TRANSFORMS: ('random_resized_crop', 'random_flip', 'normalize')
MODEL:
  BACKBONE:
    NAME: ViT-B/16
    PRETRAINED: True
  HEAD:
    ACTIVATION: relu
    BN: True
    DROPOUT: 0.0
    HIDDEN_LAYERS: ()
    NAME: 
  INIT_WEIGHTS: 
OPTIM:
  ADAM_BETA1: 0.9
  ADAM_BETA2: 0.999
  BASE_LR_MULT: 0.1
  GAMMA: 0.1
  LR: 0.002
  LR_SCHEDULER: cosine
  MAX_EPOCH: 10
  MOMENTUM: 0.9
  NAME: sgd
  NEW_LAYERS: ()
  RMSPROP_ALPHA: 0.99
  SGD_DAMPNING: 0
  SGD_NESTEROV: False
  STAGED_LR: False
  STEPSIZE: (-1,)
  WARMUP_CONS_LR: 1e-05
  WARMUP_EPOCH: 1
  WARMUP_MIN_LR: 1e-05
  WARMUP_RECOUNT: True
  WARMUP_TYPE: constant
  WEIGHT_DECAY: 0.0005
OUTPUT_DIR: output/base2new/train_base/oxford_pets/shots_16/CoCoOp/vit_b16_c4_ep10_batch1_ctxv1/seed42
RESUME: 
SEED: 42
TEST:
  COMPUTE_CMAT: False
  EVALUATOR: Classification
  FINAL_MODEL: last_step
  NO_TEST: False
  PER_CLASS_RESULT: False
  SPLIT: test
TRAIN:
  CHECKPOINT_FREQ: 0
  COUNT_ITER: train_x
  PRINT_FREQ: 20
TRAINER:
  CDAC:
    CLASS_LR_MULTI: 10
    P_THRESH: 0.95
    RAMPUP_COEF: 30
    RAMPUP_ITRS: 1000
    STRONG_TRANSFORMS: ()
    TOPK_MATCH: 5
  COCOOP:
    CTX_INIT: a photo of a
    N_CTX: 4
    PREC: fp16
  COOP:
    CLASS_TOKEN_POSITION: end
    CSC: False
    CTX_INIT: 
    N_CTX: 16
    PREC: fp16
  CROSSGRAD:
    ALPHA_D: 0.5
    ALPHA_F: 0.5
    EPS_D: 1.0
    EPS_F: 1.0
  DAEL:
    CONF_THRE: 0.95
    STRONG_TRANSFORMS: ()
    WEIGHT_U: 0.5
  DAELDG:
    CONF_THRE: 0.95
    STRONG_TRANSFORMS: ()
    WEIGHT_U: 0.5
  DDAIG:
    ALPHA: 0.5
    CLAMP: False
    CLAMP_MAX: 1.0
    CLAMP_MIN: -1.0
    G_ARCH: 
    LMDA: 0.3
    WARMUP: 0
  DOMAINMIX:
    ALPHA: 1.0
    BETA: 1.0
    TYPE: crossdomain
  ENTMIN:
    LMDA: 0.001
  FIXMATCH:
    CONF_THRE: 0.95
    STRONG_TRANSFORMS: ()
    WEIGHT_U: 1.0
  IVLP:
    CTX_INIT: a photo of a
    N_CTX_TEXT: 2
    N_CTX_VISION: 2
    PREC: fp16
    PROMPT_DEPTH_TEXT: 9
    PROMPT_DEPTH_VISION: 9
  M3SDA:
    LMDA: 0.5
    N_STEP_F: 4
  MAPLE:
    CTX_INIT: a photo of a
    N_CTX: 2
    PREC: fp16
    PROMPT_DEPTH: 9
  MCD:
    N_STEP_F: 4
  MEANTEACHER:
    EMA_ALPHA: 0.999
    RAMPUP: 5
    WEIGHT_U: 1.0
  MIXMATCH:
    MIXUP_BETA: 0.75
    RAMPUP: 20000
    TEMP: 2.0
    WEIGHT_U: 100.0
  MME:
    LMDA: 0.1
  NAME: CoCoOp
  PROMPTSRC:
    CTX_INIT: a photo of a
    GPA_MEAN: 15
    GPA_STD: 1
    IMAGE_LOSS_WEIGHT: 10
    N_CTX_TEXT: 4
    N_CTX_VISION: 4
    PREC: fp16
    PROMPT_DEPTH_TEXT: 9
    PROMPT_DEPTH_VISION: 9
    TEXT_LOSS_WEIGHT: 25
  SE:
    CONF_THRE: 0.95
    EMA_ALPHA: 0.999
    RAMPUP: 300
USE_CUDA: True
VERBOSE: True
VERSION: 1
Collecting env info ...
** System info **
PyTorch version: 2.5.1+cu124
Is debug build: False
CUDA used to build PyTorch: 12.4
ROCM used to build PyTorch: N/A

OS: Ubuntu 22.04.5 LTS (x86_64)
GCC version: (Ubuntu 11.4.0-1ubuntu1~22.04) 11.4.0
Clang version: Could not collect
CMake version: Could not collect
Libc version: glibc-2.35

Python version: 3.12.7 | packaged by Anaconda, Inc. | (main, Oct  4 2024, 13:27:36) [GCC 11.2.0] (64-bit runtime)
Python platform: Linux-6.8.0-47-generic-x86_64-with-glibc2.35
Is CUDA available: True
CUDA runtime version: Could not collect
CUDA_MODULE_LOADING set to: LAZY
GPU models and configuration: 
GPU 0: NVIDIA RTX A6000
GPU 1: NVIDIA RTX A6000
GPU 2: NVIDIA RTX A6000
GPU 3: NVIDIA RTX A6000
GPU 4: NVIDIA RTX A6000
GPU 5: NVIDIA RTX A6000
GPU 6: NVIDIA RTX A6000
GPU 7: NVIDIA RTX A6000
GPU 8: NVIDIA RTX A6000
GPU 9: NVIDIA RTX A6000

Nvidia driver version: 535.183.01
cuDNN version: Could not collect
HIP runtime version: N/A
MIOpen runtime version: N/A
Is XNNPACK available: True

CPU:
Architecture:                         x86_64
CPU op-mode(s):                       32-bit, 64-bit
Address sizes:                        46 bits physical, 57 bits virtual
Byte Order:                           Little Endian
CPU(s):                               48
On-line CPU(s) list:                  0-47
Vendor ID:                            GenuineIntel
Model name:                           Intel(R) Xeon(R) Silver 4410Y
CPU family:                           6
Model:                                143
Thread(s) per core:                   2
Core(s) per socket:                   12
Socket(s):                            2
Stepping:                             8
CPU max MHz:                          3900.0000
CPU min MHz:                          800.0000
BogoMIPS:                             4000.00
Flags:                                fpu vme de pse tsc msr pae mce cx8 apic sep mtrr pge mca cmov pat pse36 clflush dts acpi mmx fxsr sse sse2 ss ht tm pbe syscall nx pdpe1gb rdtscp lm constant_tsc art arch_perfmon pebs bts rep_good nopl xtopology nonstop_tsc cpuid aperfmperf tsc_known_freq pni pclmulqdq dtes64 monitor ds_cpl vmx smx est tm2 ssse3 sdbg fma cx16 xtpr pdcm pcid dca sse4_1 sse4_2 x2apic movbe popcnt tsc_deadline_timer aes xsave avx f16c rdrand lahf_lm abm 3dnowprefetch cpuid_fault epb cat_l3 cat_l2 cdp_l3 intel_ppin cdp_l2 ssbd mba ibrs ibpb stibp ibrs_enhanced tpr_shadow flexpriority ept vpid ept_ad fsgsbase tsc_adjust bmi1 avx2 smep bmi2 erms invpcid cqm rdt_a avx512f avx512dq rdseed adx smap avx512ifma clflushopt clwb intel_pt avx512cd sha_ni avx512bw avx512vl xsaveopt xsavec xgetbv1 xsaves cqm_llc cqm_occup_llc cqm_mbm_total cqm_mbm_local split_lock_detect user_shstk avx_vnni avx512_bf16 wbnoinvd dtherm ida arat pln pts hfi vnmi avx512vbmi umip pku ospke waitpkg avx512_vbmi2 gfni vaes vpclmulqdq avx512_vnni avx512_bitalg tme avx512_vpopcntdq la57 rdpid bus_lock_detect cldemote movdiri movdir64b enqcmd fsrm md_clear serialize tsxldtrk pconfig arch_lbr ibt amx_bf16 avx512_fp16 amx_tile amx_int8 flush_l1d arch_capabilities
Virtualization:                       VT-x
L1d cache:                            1.1 MiB (24 instances)
L1i cache:                            768 KiB (24 instances)
L2 cache:                             48 MiB (24 instances)
L3 cache:                             60 MiB (2 instances)
NUMA node(s):                         2
NUMA node0 CPU(s):                    0-11,24-35
NUMA node1 CPU(s):                    12-23,36-47
Vulnerability Gather data sampling:   Not affected
Vulnerability Itlb multihit:          Not affected
Vulnerability L1tf:                   Not affected
Vulnerability Mds:                    Not affected
Vulnerability Meltdown:               Not affected
Vulnerability Mmio stale data:        Not affected
Vulnerability Reg file data sampling: Not affected
Vulnerability Retbleed:               Not affected
Vulnerability Spec rstack overflow:   Not affected
Vulnerability Spec store bypass:      Mitigation; Speculative Store Bypass disabled via prctl
Vulnerability Spectre v1:             Mitigation; usercopy/swapgs barriers and __user pointer sanitization
Vulnerability Spectre v2:             Mitigation; Enhanced / Automatic IBRS; IBPB conditional; RSB filling; PBRSB-eIBRS SW sequence; BHI BHI_DIS_S
Vulnerability Srbds:                  Not affected
Vulnerability Tsx async abort:        Not affected

Versions of relevant libraries:
[pip3] flake8==3.7.9
[pip3] mypy==1.11.2
[pip3] mypy-extensions==1.0.0
[pip3] numpy==1.26.4
[pip3] numpydoc==1.7.0
[pip3] torch==2.5.1
[pip3] torchvision==0.20.1
[pip3] triton==3.1.0
[conda] _anaconda_depends         2024.10             py312_mkl_0  
[conda] blas                      1.0                         mkl  
[conda] mkl                       2023.1.0         h213fc3f_46344  
[conda] mkl-service               2.4.0           py312h5eee18b_1  
[conda] mkl_fft                   1.3.10          py312h5eee18b_0  
[conda] mkl_random                1.2.7           py312h526ad5a_0  
[conda] numpy                     1.26.4          py312hc5e2394_0  
[conda] numpy-base                1.26.4          py312h0da6c21_0  
[conda] numpydoc                  1.7.0           py312h06a4308_0  
[conda] torch                     2.5.1                    pypi_0    pypi
[conda] torchvision               0.20.1                   pypi_0    pypi
[conda] triton                    3.1.0                    pypi_0    pypi
        Pillow (10.4.0)

Loading trainer: CoCoOp
Loading dataset: OxfordPets
Reading split from /home/jewonyeom/prompt_learning/OxfordPets/oxford_pets/split_zhou_OxfordPets.json
Loading preprocessed few-shot data from /home/jewonyeom/prompt_learning/OxfordPets/oxford_pets/split_fewshot/shot_16-seed_42.pkl
SUBSAMPLE BASE CLASSES!
Building transform_train
+ random resized crop (size=(224, 224), scale=(0.08, 1.0))
+ random flip
+ to torch tensor of range [0, 1]
+ normalization (mean=[0.48145466, 0.4578275, 0.40821073], std=[0.26862954, 0.26130258, 0.27577711])
Building transform_test
+ resize the smaller edge to 224
+ 224x224 center crop
+ to torch tensor of range [0, 1]
+ normalization (mean=[0.48145466, 0.4578275, 0.40821073], std=[0.26862954, 0.26130258, 0.27577711])
---------  ----------
Dataset    OxfordPets
# classes  19
# train_x  304
# val      76
# test     1,881
---------  ----------
Loading CLIP (backbone: ViT-B/16)
Building custom CLIP
Initial context: "a photo of a"
Number of context words (tokens): 4
Turning off gradients in both the image and the text encoder
Parameters to be updated: {'prompt_learner.meta_net.linear1.weight', 'prompt_learner.meta_net.linear2.weight', 'prompt_learner.ctx', 'prompt_learner.meta_net.linear2.bias', 'prompt_learner.meta_net.linear1.bias'}
Multiple GPUs detected (n_gpus=10), use all of them!
Loading evaluator: Classification
No checkpoint found, train from scratch
Initialize tensorboard (log_dir=output/base2new/train_base/oxford_pets/shots_16/CoCoOp/vit_b16_c4_ep10_batch1_ctxv1/seed42/tensorboard)
/home/jewonyeom/anaconda3/lib/python3.12/site-packages/torch/nn/parallel/_functions.py:71: UserWarning: Was asked to gather along dimension 0, but all input tensors were scalars; will instead unsqueeze and return a vector.
  warnings.warn(
epoch [1/10] batch [20/304] time 0.048 (0.193) data 0.000 (0.015) loss 0.1178 (4.0997) lr 1.0000e-05 eta 0:09:43
epoch [1/10] batch [40/304] time 0.049 (0.121) data 0.000 (0.007) loss 1.1260 (3.4920) lr 1.0000e-05 eta 0:06:03
epoch [1/10] batch [60/304] time 0.051 (0.098) data 0.000 (0.005) loss 0.2710 (2.8711) lr 1.0000e-05 eta 0:04:51
epoch [1/10] batch [80/304] time 0.050 (0.086) data 0.000 (0.004) loss 0.3315 (2.7158) lr 1.0000e-05 eta 0:04:14
epoch [1/10] batch [100/304] time 0.047 (0.079) data 0.000 (0.003) loss 3.0977 (2.5472) lr 1.0000e-05 eta 0:03:51
epoch [1/10] batch [120/304] time 0.053 (0.075) data 0.000 (0.003) loss 0.5425 (2.4798) lr 1.0000e-05 eta 0:03:37
epoch [1/10] batch [140/304] time 0.050 (0.071) data 0.000 (0.002) loss 0.0425 (2.3450) lr 1.0000e-05 eta 0:03:26
epoch [1/10] batch [160/304] time 0.048 (0.068) data 0.000 (0.002) loss 0.6689 (2.1860) lr 1.0000e-05 eta 0:03:17
epoch [1/10] batch [180/304] time 0.051 (0.066) data 0.000 (0.002) loss 4.1445 (2.1482) lr 1.0000e-05 eta 0:03:09
epoch [1/10] batch [200/304] time 0.053 (0.065) data 0.000 (0.002) loss 0.6187 (2.0701) lr 1.0000e-05 eta 0:03:04
epoch [1/10] batch [220/304] time 0.051 (0.064) data 0.000 (0.002) loss 0.6299 (2.0341) lr 1.0000e-05 eta 0:02:59
epoch [1/10] batch [240/304] time 0.054 (0.063) data 0.000 (0.001) loss 0.0213 (1.9829) lr 1.0000e-05 eta 0:02:55
epoch [1/10] batch [260/304] time 0.052 (0.062) data 0.000 (0.001) loss 0.6504 (1.8688) lr 1.0000e-05 eta 0:02:51
epoch [1/10] batch [280/304] time 0.053 (0.061) data 0.000 (0.001) loss 1.6660 (1.8304) lr 1.0000e-05 eta 0:02:48
epoch [1/10] batch [300/304] time 0.044 (0.060) data 0.000 (0.001) loss 0.0666 (1.7914) lr 1.0000e-05 eta 0:02:44
epoch [2/10] batch [20/304] time 0.051 (0.071) data 0.000 (0.016) loss 1.4570 (0.4025) lr 2.0000e-03 eta 0:03:13
epoch [2/10] batch [40/304] time 0.304 (0.068) data 0.000 (0.008) loss 1.9570 (0.4640) lr 2.0000e-03 eta 0:03:02
epoch [2/10] batch [60/304] time 0.051 (0.064) data 0.000 (0.006) loss 0.8804 (0.5698) lr 2.0000e-03 eta 0:02:50
epoch [2/10] batch [80/304] time 0.055 (0.061) data 0.000 (0.004) loss 0.0001 (0.4897) lr 2.0000e-03 eta 0:02:41
epoch [2/10] batch [100/304] time 0.054 (0.059) data 0.000 (0.003) loss 0.0786 (0.4504) lr 2.0000e-03 eta 0:02:35
epoch [2/10] batch [120/304] time 0.060 (0.058) data 0.000 (0.003) loss 2.0723 (0.4518) lr 2.0000e-03 eta 0:02:31
epoch [2/10] batch [140/304] time 0.055 (0.058) data 0.000 (0.003) loss 0.2759 (0.5166) lr 2.0000e-03 eta 0:02:29
epoch [2/10] batch [160/304] time 0.061 (0.057) data 0.000 (0.002) loss 0.0006 (0.5076) lr 2.0000e-03 eta 0:02:26
epoch [2/10] batch [180/304] time 0.051 (0.056) data 0.000 (0.002) loss 0.0005 (0.4838) lr 2.0000e-03 eta 0:02:24
epoch [2/10] batch [200/304] time 0.053 (0.056) data 0.000 (0.002) loss 0.0000 (0.4801) lr 2.0000e-03 eta 0:02:22
epoch [2/10] batch [220/304] time 0.055 (0.056) data 0.000 (0.002) loss 0.4382 (0.4517) lr 2.0000e-03 eta 0:02:20
epoch [2/10] batch [240/304] time 0.058 (0.056) data 0.000 (0.002) loss 0.0505 (0.4665) lr 2.0000e-03 eta 0:02:19
epoch [2/10] batch [260/304] time 0.050 (0.056) data 0.000 (0.001) loss 0.1949 (0.4596) lr 2.0000e-03 eta 0:02:17
epoch [2/10] batch [280/304] time 0.054 (0.055) data 0.000 (0.001) loss 0.0020 (0.4904) lr 2.0000e-03 eta 0:02:16
epoch [2/10] batch [300/304] time 0.045 (0.055) data 0.000 (0.001) loss 0.0041 (0.5071) lr 2.0000e-03 eta 0:02:13
epoch [3/10] batch [20/304] time 0.057 (0.072) data 0.000 (0.016) loss 0.2229 (0.5011) lr 1.9511e-03 eta 0:02:52
epoch [3/10] batch [40/304] time 0.054 (0.063) data 0.000 (0.008) loss 0.4150 (0.5462) lr 1.9511e-03 eta 0:02:29
epoch [3/10] batch [60/304] time 0.054 (0.060) data 0.000 (0.006) loss 0.0081 (0.6513) lr 1.9511e-03 eta 0:02:21
epoch [3/10] batch [80/304] time 0.049 (0.061) data 0.000 (0.004) loss 0.0106 (0.6620) lr 1.9511e-03 eta 0:02:23
epoch [3/10] batch [100/304] time 0.049 (0.059) data 0.000 (0.003) loss 0.0922 (0.7032) lr 1.9511e-03 eta 0:02:17
epoch [3/10] batch [120/304] time 0.049 (0.057) data 0.000 (0.003) loss 0.6011 (0.7285) lr 1.9511e-03 eta 0:02:12
epoch [3/10] batch [140/304] time 0.049 (0.056) data 0.000 (0.003) loss 1.8115 (0.7117) lr 1.9511e-03 eta 0:02:08
epoch [3/10] batch [160/304] time 0.051 (0.056) data 0.000 (0.002) loss 0.0033 (0.6893) lr 1.9511e-03 eta 0:02:06
epoch [3/10] batch [180/304] time 0.046 (0.055) data 0.000 (0.002) loss 0.1938 (0.6526) lr 1.9511e-03 eta 0:02:03
epoch [3/10] batch [200/304] time 0.054 (0.054) data 0.000 (0.002) loss 0.0088 (0.6449) lr 1.9511e-03 eta 0:02:01
epoch [3/10] batch [220/304] time 0.049 (0.054) data 0.000 (0.002) loss 0.0557 (0.6716) lr 1.9511e-03 eta 0:01:59
epoch [3/10] batch [240/304] time 0.050 (0.054) data 0.000 (0.002) loss 0.1465 (0.6581) lr 1.9511e-03 eta 0:01:57
epoch [3/10] batch [260/304] time 0.047 (0.053) data 0.000 (0.001) loss 0.3750 (0.6319) lr 1.9511e-03 eta 0:01:55
epoch [3/10] batch [280/304] time 0.053 (0.053) data 0.000 (0.001) loss 0.1322 (0.6083) lr 1.9511e-03 eta 0:01:54
epoch [3/10] batch [300/304] time 0.049 (0.053) data 0.000 (0.001) loss 0.0529 (0.5856) lr 1.9511e-03 eta 0:01:52
epoch [4/10] batch [20/304] time 0.057 (0.075) data 0.000 (0.019) loss 1.0557 (0.5122) lr 1.8090e-03 eta 0:02:38
epoch [4/10] batch [40/304] time 0.064 (0.065) data 0.000 (0.010) loss 0.0974 (0.5447) lr 1.8090e-03 eta 0:02:15
epoch [4/10] batch [60/304] time 0.052 (0.061) data 0.000 (0.007) loss 0.0743 (0.4706) lr 1.8090e-03 eta 0:02:07
epoch [4/10] batch [80/304] time 0.059 (0.059) data 0.000 (0.005) loss 0.1108 (0.4654) lr 1.8090e-03 eta 0:02:01
epoch [4/10] batch [100/304] time 0.057 (0.059) data 0.000 (0.004) loss 2.7793 (0.4291) lr 1.8090e-03 eta 0:01:59
epoch [4/10] batch [120/304] time 0.055 (0.058) data 0.000 (0.003) loss 0.1155 (0.4277) lr 1.8090e-03 eta 0:01:57
epoch [4/10] batch [140/304] time 0.057 (0.058) data 0.000 (0.003) loss 0.2900 (0.4386) lr 1.8090e-03 eta 0:01:55
epoch [4/10] batch [160/304] time 0.053 (0.059) data 0.000 (0.003) loss 0.0423 (0.4689) lr 1.8090e-03 eta 0:01:55
epoch [4/10] batch [180/304] time 0.054 (0.058) data 0.000 (0.002) loss 0.0142 (0.4659) lr 1.8090e-03 eta 0:01:52
epoch [4/10] batch [200/304] time 0.056 (0.057) data 0.000 (0.002) loss 0.0166 (0.4523) lr 1.8090e-03 eta 0:01:50
epoch [4/10] batch [220/304] time 0.057 (0.057) data 0.000 (0.002) loss 0.2196 (0.4648) lr 1.8090e-03 eta 0:01:48
epoch [4/10] batch [240/304] time 0.058 (0.057) data 0.000 (0.002) loss 0.7202 (0.4470) lr 1.8090e-03 eta 0:01:46
epoch [4/10] batch [260/304] time 0.053 (0.056) data 0.000 (0.002) loss 0.8110 (0.4540) lr 1.8090e-03 eta 0:01:45
epoch [4/10] batch [280/304] time 0.049 (0.056) data 0.000 (0.002) loss 0.0017 (0.4427) lr 1.8090e-03 eta 0:01:43
epoch [4/10] batch [300/304] time 0.043 (0.055) data 0.000 (0.002) loss 0.0199 (0.4423) lr 1.8090e-03 eta 0:01:41
epoch [5/10] batch [20/304] time 0.060 (0.076) data 0.001 (0.019) loss 0.0123 (0.7639) lr 1.5878e-03 eta 0:02:17
epoch [5/10] batch [40/304] time 0.051 (0.066) data 0.000 (0.009) loss 0.0390 (0.4966) lr 1.5878e-03 eta 0:01:57
epoch [5/10] batch [60/304] time 0.053 (0.062) data 0.000 (0.006) loss 0.0135 (0.4335) lr 1.5878e-03 eta 0:01:49
epoch [5/10] batch [80/304] time 0.056 (0.060) data 0.000 (0.005) loss 3.2324 (0.4798) lr 1.5878e-03 eta 0:01:43
epoch [5/10] batch [100/304] time 0.055 (0.058) data 0.000 (0.004) loss 0.0523 (0.4846) lr 1.5878e-03 eta 0:01:40
epoch [5/10] batch [120/304] time 0.051 (0.058) data 0.000 (0.003) loss 0.0014 (0.4514) lr 1.5878e-03 eta 0:01:38
epoch [5/10] batch [140/304] time 0.050 (0.057) data 0.000 (0.003) loss 0.0508 (0.4195) lr 1.5878e-03 eta 0:01:35
epoch [5/10] batch [160/304] time 0.051 (0.056) data 0.000 (0.003) loss 0.0724 (0.4107) lr 1.5878e-03 eta 0:01:33
epoch [5/10] batch [180/304] time 0.051 (0.056) data 0.000 (0.002) loss 4.8242 (0.4261) lr 1.5878e-03 eta 0:01:31
epoch [5/10] batch [200/304] time 0.054 (0.055) data 0.000 (0.002) loss 0.1946 (0.4658) lr 1.5878e-03 eta 0:01:29
epoch [5/10] batch [220/304] time 0.051 (0.056) data 0.000 (0.002) loss 3.8691 (0.4834) lr 1.5878e-03 eta 0:01:29
epoch [5/10] batch [240/304] time 0.056 (0.056) data 0.000 (0.002) loss 0.0069 (0.4691) lr 1.5878e-03 eta 0:01:27
epoch [5/10] batch [260/304] time 0.054 (0.055) data 0.000 (0.002) loss 0.0116 (0.4614) lr 1.5878e-03 eta 0:01:26
epoch [5/10] batch [280/304] time 0.058 (0.055) data 0.000 (0.002) loss 0.0043 (0.4761) lr 1.5878e-03 eta 0:01:25
epoch [5/10] batch [300/304] time 0.045 (0.055) data 0.000 (0.001) loss 0.1170 (0.4739) lr 1.5878e-03 eta 0:01:23
epoch [6/10] batch [20/304] time 0.051 (0.072) data 0.000 (0.019) loss 0.1080 (0.4034) lr 1.3090e-03 eta 0:01:47
epoch [6/10] batch [40/304] time 0.048 (0.062) data 0.000 (0.010) loss 0.3513 (0.4428) lr 1.3090e-03 eta 0:01:32
epoch [6/10] batch [60/304] time 0.055 (0.060) data 0.000 (0.006) loss 0.9365 (0.3650) lr 1.3090e-03 eta 0:01:26
epoch [6/10] batch [80/304] time 0.052 (0.058) data 0.000 (0.005) loss 0.0407 (0.3977) lr 1.3090e-03 eta 0:01:23
epoch [6/10] batch [100/304] time 0.055 (0.057) data 0.000 (0.004) loss 0.0306 (0.4414) lr 1.3090e-03 eta 0:01:20
epoch [6/10] batch [120/304] time 0.056 (0.057) data 0.000 (0.003) loss 0.0136 (0.4569) lr 1.3090e-03 eta 0:01:19
epoch [6/10] batch [140/304] time 0.047 (0.056) data 0.000 (0.003) loss 0.0994 (0.4642) lr 1.3090e-03 eta 0:01:17
epoch [6/10] batch [160/304] time 0.055 (0.056) data 0.000 (0.003) loss 0.2708 (0.4650) lr 1.3090e-03 eta 0:01:16
epoch [6/10] batch [180/304] time 0.053 (0.056) data 0.000 (0.002) loss 0.0107 (0.4608) lr 1.3090e-03 eta 0:01:15
epoch [6/10] batch [200/304] time 0.050 (0.056) data 0.000 (0.002) loss 0.0123 (0.4682) lr 1.3090e-03 eta 0:01:13
epoch [6/10] batch [220/304] time 0.055 (0.056) data 0.000 (0.002) loss 0.1151 (0.4573) lr 1.3090e-03 eta 0:01:12
epoch [6/10] batch [240/304] time 0.055 (0.055) data 0.001 (0.002) loss 0.0818 (0.4386) lr 1.3090e-03 eta 0:01:11
epoch [6/10] batch [260/304] time 0.051 (0.056) data 0.000 (0.002) loss 0.0003 (0.4164) lr 1.3090e-03 eta 0:01:10
epoch [6/10] batch [280/304] time 0.054 (0.056) data 0.000 (0.002) loss 0.0694 (0.4186) lr 1.3090e-03 eta 0:01:09
epoch [6/10] batch [300/304] time 0.044 (0.056) data 0.000 (0.001) loss 1.0801 (0.4268) lr 1.3090e-03 eta 0:01:07
epoch [7/10] batch [20/304] time 0.055 (0.071) data 0.000 (0.017) loss 0.1285 (0.5454) lr 1.0000e-03 eta 0:01:24
epoch [7/10] batch [40/304] time 0.054 (0.062) data 0.000 (0.009) loss 0.0471 (0.3871) lr 1.0000e-03 eta 0:01:12
epoch [7/10] batch [60/304] time 0.049 (0.059) data 0.000 (0.006) loss 0.0080 (0.4044) lr 1.0000e-03 eta 0:01:08
epoch [7/10] batch [80/304] time 0.052 (0.057) data 0.000 (0.004) loss 0.1632 (0.4379) lr 1.0000e-03 eta 0:01:04
epoch [7/10] batch [100/304] time 0.047 (0.056) data 0.000 (0.004) loss 0.0346 (0.4475) lr 1.0000e-03 eta 0:01:02
epoch [7/10] batch [120/304] time 0.056 (0.056) data 0.000 (0.003) loss 0.0157 (0.4414) lr 1.0000e-03 eta 0:01:00
epoch [7/10] batch [140/304] time 0.054 (0.055) data 0.000 (0.003) loss 0.0852 (0.4361) lr 1.0000e-03 eta 0:00:59
epoch [7/10] batch [160/304] time 0.054 (0.055) data 0.000 (0.002) loss 0.0026 (0.4146) lr 1.0000e-03 eta 0:00:58
epoch [7/10] batch [180/304] time 0.057 (0.055) data 0.000 (0.002) loss 0.1854 (0.4085) lr 1.0000e-03 eta 0:00:56
epoch [7/10] batch [200/304] time 0.051 (0.055) data 0.000 (0.002) loss 0.5933 (0.3928) lr 1.0000e-03 eta 0:00:55
epoch [7/10] batch [220/304] time 0.055 (0.055) data 0.000 (0.002) loss 0.2332 (0.3822) lr 1.0000e-03 eta 0:00:54
epoch [7/10] batch [240/304] time 0.048 (0.054) data 0.000 (0.002) loss 1.3174 (0.3730) lr 1.0000e-03 eta 0:00:53
epoch [7/10] batch [260/304] time 0.055 (0.054) data 0.000 (0.002) loss 0.1362 (0.3753) lr 1.0000e-03 eta 0:00:51
epoch [7/10] batch [280/304] time 0.055 (0.054) data 0.000 (0.001) loss 1.1328 (0.3799) lr 1.0000e-03 eta 0:00:50
epoch [7/10] batch [300/304] time 0.043 (0.055) data 0.000 (0.001) loss 0.0106 (0.3897) lr 1.0000e-03 eta 0:00:49
epoch [8/10] batch [20/304] time 0.052 (0.069) data 0.000 (0.017) loss 0.0465 (0.2338) lr 6.9098e-04 eta 0:01:01
epoch [8/10] batch [40/304] time 0.051 (0.060) data 0.000 (0.008) loss 0.0055 (0.5069) lr 6.9098e-04 eta 0:00:52
epoch [8/10] batch [60/304] time 0.050 (0.057) data 0.000 (0.006) loss 0.4653 (0.4522) lr 6.9098e-04 eta 0:00:48
epoch [8/10] batch [80/304] time 0.054 (0.056) data 0.000 (0.004) loss 1.2168 (0.4144) lr 6.9098e-04 eta 0:00:46
epoch [8/10] batch [100/304] time 0.057 (0.055) data 0.000 (0.003) loss 0.0008 (0.4202) lr 6.9098e-04 eta 0:00:44
epoch [8/10] batch [120/304] time 0.049 (0.054) data 0.000 (0.003) loss 0.0587 (0.3805) lr 6.9098e-04 eta 0:00:43
epoch [8/10] batch [140/304] time 0.053 (0.054) data 0.000 (0.003) loss 0.0000 (0.3629) lr 6.9098e-04 eta 0:00:41
epoch [8/10] batch [160/304] time 0.051 (0.054) data 0.000 (0.002) loss 0.0050 (0.3300) lr 6.9098e-04 eta 0:00:40
epoch [8/10] batch [180/304] time 0.052 (0.054) data 0.000 (0.002) loss 0.0133 (0.3913) lr 6.9098e-04 eta 0:00:39
epoch [8/10] batch [200/304] time 0.055 (0.053) data 0.000 (0.002) loss 0.0458 (0.3688) lr 6.9098e-04 eta 0:00:38
epoch [8/10] batch [220/304] time 0.055 (0.053) data 0.000 (0.002) loss 0.0167 (0.3961) lr 6.9098e-04 eta 0:00:36
epoch [8/10] batch [240/304] time 0.051 (0.053) data 0.001 (0.002) loss 0.0457 (0.3910) lr 6.9098e-04 eta 0:00:35
epoch [8/10] batch [260/304] time 0.052 (0.053) data 0.000 (0.001) loss 0.0570 (0.4006) lr 6.9098e-04 eta 0:00:34
epoch [8/10] batch [280/304] time 0.050 (0.053) data 0.000 (0.001) loss 0.0027 (0.3837) lr 6.9098e-04 eta 0:00:33
epoch [8/10] batch [300/304] time 0.044 (0.053) data 0.000 (0.001) loss 3.6543 (0.4022) lr 6.9098e-04 eta 0:00:32
epoch [9/10] batch [20/304] time 0.056 (0.085) data 0.000 (0.018) loss 0.2500 (0.3441) lr 4.1221e-04 eta 0:00:49
epoch [9/10] batch [40/304] time 0.046 (0.067) data 0.000 (0.009) loss 0.2551 (0.2190) lr 4.1221e-04 eta 0:00:38
epoch [9/10] batch [60/304] time 0.051 (0.062) data 0.000 (0.006) loss 2.4941 (0.5570) lr 4.1221e-04 eta 0:00:33
epoch [9/10] batch [80/304] time 0.048 (0.059) data 0.000 (0.005) loss 0.3721 (0.5411) lr 4.1221e-04 eta 0:00:30
epoch [9/10] batch [100/304] time 0.055 (0.057) data 0.000 (0.004) loss 0.1139 (0.4593) lr 4.1221e-04 eta 0:00:29
epoch [9/10] batch [120/304] time 0.048 (0.056) data 0.000 (0.003) loss 0.0318 (0.4226) lr 4.1221e-04 eta 0:00:27
epoch [9/10] batch [140/304] time 0.056 (0.056) data 0.000 (0.003) loss 0.0913 (0.4064) lr 4.1221e-04 eta 0:00:26
epoch [9/10] batch [160/304] time 0.052 (0.055) data 0.000 (0.003) loss 0.0164 (0.3927) lr 4.1221e-04 eta 0:00:24
epoch [9/10] batch [180/304] time 0.049 (0.055) data 0.000 (0.002) loss 0.0039 (0.3927) lr 4.1221e-04 eta 0:00:23
epoch [9/10] batch [200/304] time 0.057 (0.054) data 0.000 (0.002) loss 2.0488 (0.4340) lr 4.1221e-04 eta 0:00:22
epoch [9/10] batch [220/304] time 0.054 (0.054) data 0.000 (0.002) loss 0.0007 (0.4133) lr 4.1221e-04 eta 0:00:21
epoch [9/10] batch [240/304] time 0.052 (0.054) data 0.000 (0.002) loss 0.0563 (0.4045) lr 4.1221e-04 eta 0:00:19
epoch [9/10] batch [260/304] time 0.055 (0.054) data 0.000 (0.002) loss 0.2228 (0.4146) lr 4.1221e-04 eta 0:00:18
epoch [9/10] batch [280/304] time 0.046 (0.054) data 0.000 (0.002) loss 0.0182 (0.3973) lr 4.1221e-04 eta 0:00:17
epoch [9/10] batch [300/304] time 0.044 (0.053) data 0.000 (0.001) loss 0.3374 (0.4016) lr 4.1221e-04 eta 0:00:16
epoch [10/10] batch [20/304] time 0.054 (0.072) data 0.000 (0.017) loss 0.0149 (0.2525) lr 1.9098e-04 eta 0:00:20
epoch [10/10] batch [40/304] time 0.266 (0.067) data 0.000 (0.008) loss 0.0133 (0.2815) lr 1.9098e-04 eta 0:00:17
epoch [10/10] batch [60/304] time 0.054 (0.062) data 0.000 (0.006) loss 0.1082 (0.3225) lr 1.9098e-04 eta 0:00:15
epoch [10/10] batch [80/304] time 0.049 (0.060) data 0.000 (0.004) loss 0.0698 (0.3848) lr 1.9098e-04 eta 0:00:13
epoch [10/10] batch [100/304] time 0.055 (0.058) data 0.000 (0.004) loss 3.3496 (0.4512) lr 1.9098e-04 eta 0:00:11
epoch [10/10] batch [120/304] time 0.051 (0.057) data 0.000 (0.003) loss 0.3074 (0.4233) lr 1.9098e-04 eta 0:00:10
epoch [10/10] batch [140/304] time 0.053 (0.056) data 0.000 (0.003) loss 0.0134 (0.4227) lr 1.9098e-04 eta 0:00:09
epoch [10/10] batch [160/304] time 0.048 (0.056) data 0.000 (0.002) loss 0.0024 (0.4388) lr 1.9098e-04 eta 0:00:08
epoch [10/10] batch [180/304] time 0.054 (0.056) data 0.000 (0.002) loss 0.0569 (0.4322) lr 1.9098e-04 eta 0:00:06
epoch [10/10] batch [200/304] time 0.054 (0.055) data 0.000 (0.002) loss 0.0399 (0.4294) lr 1.9098e-04 eta 0:00:05
epoch [10/10] batch [220/304] time 0.052 (0.055) data 0.000 (0.002) loss 0.0035 (0.4118) lr 1.9098e-04 eta 0:00:04
epoch [10/10] batch [240/304] time 0.054 (0.055) data 0.000 (0.002) loss 0.0026 (0.3830) lr 1.9098e-04 eta 0:00:03
epoch [10/10] batch [260/304] time 0.053 (0.055) data 0.000 (0.002) loss 0.0513 (0.3988) lr 1.9098e-04 eta 0:00:02
epoch [10/10] batch [280/304] time 0.055 (0.054) data 0.000 (0.001) loss 0.0951 (0.4133) lr 1.9098e-04 eta 0:00:01
epoch [10/10] batch [300/304] time 0.044 (0.054) data 0.000 (0.001) loss 0.0005 (0.4253) lr 1.9098e-04 eta 0:00:00
Checkpoint saved to output/base2new/train_base/oxford_pets/shots_16/CoCoOp/vit_b16_c4_ep10_batch1_ctxv1/seed42/prompt_learner/model.pth.tar-10
Finish training
Deploy the last-epoch model
Evaluate on the *test* set
  0%|          | 0/19 [00:00<?, ?it/s]  0%|          | 0/19 [00:03<?, ?it/s]
Traceback (most recent call last):
  File "/home/jewonyeom/prompt_learning/PromptSRC/train.py", line 251, in <module>
    main(args)
  File "/home/jewonyeom/prompt_learning/PromptSRC/train.py", line 194, in main
    trainer.train()
  File "/home/jewonyeom/prompt_learning/Dassl.pytorch/dassl/engine/trainer.py", line 386, in train
    super().train(self.start_epoch, self.max_epoch)
  File "/home/jewonyeom/prompt_learning/Dassl.pytorch/dassl/engine/trainer.py", line 252, in train
    self.after_train()
  File "/home/jewonyeom/prompt_learning/Dassl.pytorch/dassl/engine/trainer.py", line 412, in after_train
    self.test()
  File "/home/jewonyeom/anaconda3/lib/python3.12/site-packages/torch/utils/_contextlib.py", line 116, in decorate_context
    return func(*args, **kwargs)
           ^^^^^^^^^^^^^^^^^^^^^
  File "/home/jewonyeom/prompt_learning/Dassl.pytorch/dassl/engine/trainer.py", line 468, in test
    output = self.model_inference(input)
             ^^^^^^^^^^^^^^^^^^^^^^^^^^^
  File "/home/jewonyeom/prompt_learning/Dassl.pytorch/dassl/engine/trainer.py", line 496, in model_inference
    return self.model(input)
           ^^^^^^^^^^^^^^^^^
  File "/home/jewonyeom/anaconda3/lib/python3.12/site-packages/torch/nn/modules/module.py", line 1736, in _wrapped_call_impl
    return self._call_impl(*args, **kwargs)
           ^^^^^^^^^^^^^^^^^^^^^^^^^^^^^^^^
  File "/home/jewonyeom/anaconda3/lib/python3.12/site-packages/torch/nn/modules/module.py", line 1747, in _call_impl
    return forward_call(*args, **kwargs)
           ^^^^^^^^^^^^^^^^^^^^^^^^^^^^^
  File "/home/jewonyeom/anaconda3/lib/python3.12/site-packages/torch/nn/parallel/data_parallel.py", line 183, in forward
    inputs, module_kwargs = self.scatter(inputs, kwargs, self.device_ids)
                            ^^^^^^^^^^^^^^^^^^^^^^^^^^^^^^^^^^^^^^^^^^^^^
  File "/home/jewonyeom/anaconda3/lib/python3.12/site-packages/torch/nn/parallel/data_parallel.py", line 207, in scatter
    return scatter_kwargs(inputs, kwargs, device_ids, dim=self.dim)
           ^^^^^^^^^^^^^^^^^^^^^^^^^^^^^^^^^^^^^^^^^^^^^^^^^^^^^^^^
  File "/home/jewonyeom/anaconda3/lib/python3.12/site-packages/torch/nn/parallel/scatter_gather.py", line 88, in scatter_kwargs
    scattered_inputs = scatter(inputs, target_gpus, dim) if inputs else []
                       ^^^^^^^^^^^^^^^^^^^^^^^^^^^^^^^^^
  File "/home/jewonyeom/anaconda3/lib/python3.12/site-packages/torch/nn/parallel/scatter_gather.py", line 75, in scatter
    res = scatter_map(inputs)
          ^^^^^^^^^^^^^^^^^^^
  File "/home/jewonyeom/anaconda3/lib/python3.12/site-packages/torch/nn/parallel/scatter_gather.py", line 62, in scatter_map
    return list(zip(*map(scatter_map, obj)))
                ^^^^^^^^^^^^^^^^^^^^^^^^^^^
  File "/home/jewonyeom/anaconda3/lib/python3.12/site-packages/torch/nn/parallel/scatter_gather.py", line 58, in scatter_map
    return Scatter.apply(target_gpus, None, dim, obj)
           ^^^^^^^^^^^^^^^^^^^^^^^^^^^^^^^^^^^^^^^^^^
  File "/home/jewonyeom/anaconda3/lib/python3.12/site-packages/torch/autograd/function.py", line 575, in apply
    return super().apply(*args, **kwargs)  # type: ignore[misc]
           ^^^^^^^^^^^^^^^^^^^^^^^^^^^^^^
  File "/home/jewonyeom/anaconda3/lib/python3.12/site-packages/torch/nn/parallel/_functions.py", line 104, in forward
    outputs = comm.scatter(input, target_gpus, chunk_sizes, ctx.dim, streams)
              ^^^^^^^^^^^^^^^^^^^^^^^^^^^^^^^^^^^^^^^^^^^^^^^^^^^^^^^^^^^^^^^
  File "/home/jewonyeom/anaconda3/lib/python3.12/site-packages/torch/nn/parallel/comm.py", line 205, in scatter
    return tuple(torch._C._scatter(tensor, devices, chunk_sizes, dim, streams))
                 ^^^^^^^^^^^^^^^^^^^^^^^^^^^^^^^^^^^^^^^^^^^^^^^^^^^^^^^^^^^^^
RuntimeError: CUDA error: peer mapping resources exhausted
CUDA kernel errors might be asynchronously reported at some other API call, so the stacktrace below might be incorrect.
For debugging consider passing CUDA_LAUNCH_BLOCKING=1
Compile with `TORCH_USE_CUDA_DSA` to enable device-side assertions.

